20220617	14:32:07	86f505d0-b125-47b5-be84-ce407768bc2d	Datebase Connected
20220617	14:32:23	f0bd573a-5ee4-4a5b-8de4-8b5e32ace557	Datebase Connected
20220617	14:33:01	0b677829-f08d-4953-9dd5-8eb03a828724	Datebase Connected
20220617	14:33:25	1ae0e4ce-383a-4752-877b-865759e856eb	Datebase Connected
20220617	14:33:39	015e842c-14c9-4dd6-b749-06501c87753c	Datebase Connected
20220617	14:35:12	2b7aee17-4a0f-494b-9db7-7b888037fff1	Datebase Connected
20220617	14:35:56	70ec65b5-4e30-4f32-bf80-561a91e57946	Datebase Connected
20220617	14:38:18	7601ffc3-9c8e-4fbc-8955-72c2ade1eeca	Log event emitted
20220617	14:39:25	50895833-d0d8-4bea-8eb0-248283789916	Log event emitted
20220617	14:55:27	281b343e-e033-4ce6-9537-a627f0de06d3	Log event emitted
20220617	14:59:32	649730ca-dd1f-44ee-a996-e16b09af3752	Log event emitted
20220617	15:00:47	78d51d96-f042-4ae5-a8b5-7b8d273d978c	Log event emitted
20220617	15:01:49	b20e956b-c979-4709-bc6f-c2eff8e15362	Log event emitted
20220617	15:21:42	1045eeda-53e3-4a2b-b700-899c4b798ceb	Log event emitted
20220617	17:31:35	15a0a323-46e9-4d30-9e3b-7bfc48a27955	Log event emitted
20220617	17:33:45	a0879bcd-81d7-4f9b-8d44-ed6bff13b353	GET
20220617	17:35:31	b33c4bbc-109b-42f6-9e6e-e9b87969b544	GET	undefined	/
20220617	17:36:21	a14224ad-19c4-4f2e-a33d-a4c4dd093d56	GET	chrome-extension://laookkfknpbbblfpciffpaejjkokdgca	/
20220617	17:36:49	2a5173f8-6e7f-4cea-b39b-55486e52e679	GET	https://www.google.com	/
20220617	17:38:06	637df637-e03d-495b-8a9c-dc644ce761db	GET	https://www.google.com	/
20220617	17:40:43	35e3ae0b-b3e7-4313-8f80-4ec821f83da2	GET	undefined	/
20220617	17:40:51	65125e09-fe1a-4c2b-b81d-4d62a431a0fd	GET	https://www.google.com	/
20220617	18:38:38	ac865403-4cb6-4c65-8e62-6ca24a0175c1	GET	undefined	/dev
20220617	18:38:51	18baea9a-3b65-40fa-b47c-e1f3d08426e5	GET	undefined	/dev
20220617	18:38:52	533585c3-245f-4546-ba0b-ec3b5c182dde	GET	undefined	/favicon.ico
20220617	18:41:38	8263a10a-636b-4e9e-b23b-c2748e296e84	GET	undefined	/dev
20220617	18:42:24	aaddd008-134b-40d8-863b-ac3925424cff	GET	undefined	/dev
20220617	18:42:26	62cdf888-605a-40be-b15e-7d47a7fa778f	GET	undefined	/dev
20220617	18:42:26	3d2f9e51-719f-4a77-880b-e91259b573c6	GET	undefined	/dev
20220617	18:42:41	450ab5ae-afe0-4c71-bcc2-1dc7fbf0cc04	GET	undefined	/dev
20220617	18:42:53	73496e1c-24d3-4b7d-ac2d-25b1a491e70e	GET	undefined	/dev
20220617	18:43:09	cdae0d50-6357-44d9-b351-837f7cec8766	GET	undefined	/dev
20220617	18:43:24	8cc8c904-84a5-4a2d-8264-306d04eeba51	GET	undefined	/dev
20220617	18:43:34	9508b41a-9946-43c3-ac65-b752a5f69a92	GET	undefined	/dev
20220617	18:44:02	183d362a-ecd7-4da6-8dae-9e1d0e88a267	GET	undefined	/dev
20220617	18:44:12	b849e331-28e8-443d-b2f8-840417d6fd58	GET	undefined	/dev
20220617	18:44:20	87d5038e-4818-4a03-b7c9-6c529b576218	GET	undefined	/dev
20220617	18:44:47	69a64a62-da9a-4b80-aba5-3cd5dfe6377b	GET	undefined	/dev
20220617	18:45:03	c511cc9a-f0f1-4551-90bc-88589a49ab0e	GET	undefined	/dev
20220617	18:45:27	195794be-d520-4722-856e-09e87bbc93a9	GET	undefined	/dev
20220617	18:45:31	fc99cc1a-c0b6-4a03-9f34-a36d917f1850	GET	undefined	/dev
20220617	18:45:48	700fd053-fe14-4609-8a40-28ad3c0cf636	GET	undefined	/dev
20220617	18:46:55	5a452fa5-58b2-4c6c-9653-0fb54b710504	GET	undefined	/dev
20220617	18:54:05	ea967130-a4e0-446a-9b6b-83c8ee388776	GET	https://www.google.com	/
20220617	18:55:08	d66c1405-6a88-43db-9d50-d56b15d5bc05	GET	https://www.google.com	/
20220617	18:58:01	2c31c0d8-fa3f-49cb-9720-e800aaf204e3	GET	undefined	/dev
20220617	18:59:30	dab38252-f228-445a-a1aa-da237fca206f	GET	undefined	/
20220617	19:04:40	da99f62b-3fa9-4e9f-a761-2aab9ef52907	GET	undefined	/
20220617	19:05:00	6b01328f-6672-49e1-af13-2bb03976601d	Error: Not allowed by CORS
20220617	19:05:41	a02054cd-3cb6-4b67-bebf-cbf24e396a93	Error: Not allowed by CORS
20220617	19:09:34	9be2539f-4d31-4dc8-bc81-a4b2b4275914	Error: Not allowed by CORS
20220617	19:09:36	fd8dce22-4f89-4e96-93b8-f44b97b08a42	Error: Not allowed by CORS
20220617	19:09:51	5fb879a5-0498-4f70-99f4-36dc32bc3fbd	GET	undefined	/
20220617	19:09:54	a537fd43-01d8-4ee5-bfdc-b059af15dd7d	GET	undefined	/
20220617	19:10:09	b0596104-36f1-44f5-a7ec-15f3d2247fca	GET	undefined	/
20220617	19:10:12	79fbd5b8-672b-4ce9-bde4-939f18089dfc	GET	undefined	/
20220617	19:10:24	19ca2fdd-24a2-48e6-b80b-9b117e7a7574	GET	undefined	/
20220617	19:11:02	c74621cd-2e4f-490e-8381-8e749bd649ee	GET	undefined	/
20220617	19:11:04	225a98d8-a1b6-4b4c-bbe5-e99ed2d235bc	GET	undefined	/
20220617	19:11:10	66fd234e-6e85-4c7d-8174-93e56c435c7d	GET	undefined	/
20220617	19:11:55	f7830d15-f40c-407d-b330-a900547807d0	GET	undefined	/
20220617	19:12:15	7f30ab77-4b60-4159-9215-0eea52a0e38e	GET	undefined	/
20220617	19:12:19	15f3d71c-d8e1-44e8-911a-ceda8cd865be	GET	undefined	/
20220617	19:14:26	82411db0-7e1e-4786-b75f-e38c939137fc	GET	undefined	/
20220617	19:14:35	14142452-9779-41c5-ae73-49ab7e492ca2	GET	undefined	/dev
20220617	19:42:45	99f99c97-ac86-4d3f-bffe-088ae0ddf04f	GET	undefined	/
